<?xml version="1.0" encoding="UTF-8" ?>
<testsuite tests="3" failures="0" name="fr.ufrsciencestech.panier.VisuTest" time="0.37" errors="1" skipped="0">
  <properties>
[...]
</properties>
  <testcase classname="fr.ufrsciencestech.panier.VisuTest" name="testInit" time="0.256"/>
  <testcase classname="fr.ufrsciencestech.panier.VisuTest" name="testMain" time="0.052"/>
  <testcase classname="fr.ufrsciencestech.panier.VisuTest" name="testInit2" time="0.054">
    <error message="javax.swing.plaf.nimbus.DerivedColor$UIResource cannot be cast to java.awt.Font" type="java.lang.ClassCastException">java.lang.ClassCastException: javax.swing.plaf.nimbus.DerivedColor$UIResource cannot be cast to java.awt.Font
	at javax.swing.plaf.nimbus.NimbusStyle.getFontForState(NimbusStyle.java:573)
	at javax.swing.plaf.synth.SynthStyle.installDefaults(SynthStyle.java:933)
	at javax.swing.plaf.nimbus.NimbusStyle.installDefaults(NimbusStyle.java:231)
	at javax.swing.plaf.synth.SynthStyle.installDefaults(SynthStyle.java:916)
	at javax.swing.plaf.synth.SynthLookAndFeel.updateStyle(SynthLookAndFeel.java:265)
	at javax.swing.plaf.synth.SynthScrollBarUI.updateStyle(SynthScrollBarUI.java:80)
	at javax.swing.plaf.synth.SynthScrollBarUI.installDefaults(SynthScrollBarUI.java:67)
	at javax.swing.plaf.basic.BasicScrollBarUI.installUI(BasicScrollBarUI.java:172)
	at javax.swing.JComponent.setUI(JComponent.java:666)
	at javax.swing.JScrollBar.setUI(JScrollBar.java:207)
	at javax.swing.JScrollBar.updateUI(JScrollBar.java:227)
	at javax.swing.JScrollBar.&lt;init&gt;(JScrollBar.java:161)
	at javax.swing.JScrollBar.&lt;init&gt;(JScrollBar.java:176)
	at javax.swing.JScrollPane$ScrollBar.&lt;init&gt;(JScrollPane.java:718)
	at javax.swing.JScrollPane.createHorizontalScrollBar(JScrollPane.java:814)
	at javax.swing.JScrollPane.&lt;init&gt;(JScrollPane.java:300)
	at javax.swing.JScrollPane.&lt;init&gt;(JScrollPane.java:351)
	at fr.ufrsciencestech.panier.Visu.initComponents(Visu.java:96)
	at fr.ufrsciencestech.panier.Visu.&lt;init&gt;(Visu.java:21)
	at fr.ufrsciencestech.panier.VisuTest.testInit2(VisuTest.java:53)
</error>
    <system-out>init2
</system-out>
  </testcase>
</testsuite>