<?xml version="1.0"?>
<!DOCTYPE coverage SYSTEM "http://cobertura.sourceforge.net/xml/coverage-04.dtd">

<coverage line-rate="0.7976878612716763" branch-rate="0.8" lines-covered="138" lines-valid="173" branches-covered="32" branches-valid="40" complexity="1.5952380952380953" version="1.9.4.1" timestamp="1507190250842">
	<sources>
		<source>--source</source>
		<source>/home2/nl773507/NetBeansProjects/genieLog/Panier/src/main/java</source>
	</sources>
	<packages>
		<package name="fr.ufrsciencestech.panier" line-rate="0.7976878612716763" branch-rate="0.8" complexity="1.5952380952380953">
			<classes>
				<class name="fr.ufrsciencestech.panier.Controller" filename="fr/ufrsciencestech/panier/Controller.java" line-rate="0.6470588235294118" branch-rate="1.0" complexity="1.0">
					<methods>
						<method name="&lt;init&gt;" signature="()V" line-rate="0.0" branch-rate="1.0">
							<lines>
								<line number="15" hits="0" branch="false"/>
								<line number="17" hits="0" branch="false"/>
							</lines>
						</method>
						<method name="boycotter" signature="(Lfr/ufrsciencestech/panier/Visu;Lfr/ufrsciencestech/panier/Panier;)V" line-rate="0.5" branch-rate="1.0">
							<lines>
								<line number="48" hits="1" branch="false"/>
								<line number="49" hits="0" branch="false"/>
							</lines>
						</method>
						<method name="genererFruit" signature="(Lfr/ufrsciencestech/panier/Panier;[Ljava/lang/String;)V" line-rate="0.5" branch-rate="1.0">
							<lines>
								<line number="34" hits="1" branch="false"/>
								<line number="36" hits="1" branch="false"/>
								<line number="37" hits="0" branch="false"/>
								<line number="39" hits="0" branch="false"/>
							</lines>
						</method>
						<method name="initExport" signature="(Lfr/ufrsciencestech/panier/Visu;[Ljava/lang/String;)V" line-rate="1.0" branch-rate="1.0">
							<lines>
								<line number="24" hits="3" branch="false"/>
								<line number="25" hits="3" branch="false"/>
								<line number="26" hits="3" branch="false"/>
								<line number="27" hits="3" branch="false"/>
								<line number="28" hits="3" branch="false"/>
								<line number="29" hits="3" branch="false"/>
								<line number="30" hits="3" branch="false"/>
							</lines>
						</method>
						<method name="retirerFruit" signature="(Lfr/ufrsciencestech/panier/Panier;)V" line-rate="0.5" branch-rate="1.0">
							<lines>
								<line number="43" hits="1" branch="false"/>
								<line number="44" hits="0" branch="false"/>
							</lines>
						</method>
					</methods>
					<lines>
						<line number="15" hits="0" branch="false"/>
						<line number="17" hits="0" branch="false"/>
						<line number="24" hits="3" branch="false"/>
						<line number="25" hits="3" branch="false"/>
						<line number="26" hits="3" branch="false"/>
						<line number="27" hits="3" branch="false"/>
						<line number="28" hits="3" branch="false"/>
						<line number="29" hits="3" branch="false"/>
						<line number="30" hits="3" branch="false"/>
						<line number="34" hits="1" branch="false"/>
						<line number="36" hits="1" branch="false"/>
						<line number="37" hits="0" branch="false"/>
						<line number="39" hits="0" branch="false"/>
						<line number="43" hits="1" branch="false"/>
						<line number="44" hits="0" branch="false"/>
						<line number="48" hits="1" branch="false"/>
						<line number="49" hits="0" branch="false"/>
					</lines>
				</class>
				<class name="fr.ufrsciencestech.panier.Fruit" filename="fr/ufrsciencestech/panier/Fruit.java" line-rate="1.0" branch-rate="1.0" complexity="0.0">
					<methods>
					</methods>
					<lines>
					</lines>
				</class>
				<class name="fr.ufrsciencestech.panier.Orange" filename="fr/ufrsciencestech/panier/Orange.java" line-rate="1.0" branch-rate="0.7857142857142857" complexity="1.8888888888888888">
					<methods>
						<method name="&lt;init&gt;" signature="()V" line-rate="1.0" branch-rate="1.0">
							<lines>
								<line number="22" hits="8" branch="false"/>
								<line number="23" hits="8" branch="false"/>
								<line number="24" hits="8" branch="false"/>
								<line number="25" hits="8" branch="false"/>
							</lines>
						</method>
						<method name="&lt;init&gt;" signature="(DLjava/lang/String;)V" line-rate="1.0" branch-rate="1.0">
							<lines>
								<line number="17" hits="10" branch="false"/>
								<line number="18" hits="10" branch="false"/>
								<line number="19" hits="10" branch="false"/>
								<line number="20" hits="10" branch="false"/>
							</lines>
						</method>
						<method name="equals" signature="(Lfr/ufrsciencestech/panier/Orange;)Z" line-rate="1.0" branch-rate="0.8333333333333334">
							<lines>
								<line number="56" hits="3" branch="true" condition-coverage="83 % (5/6)">
									<conditions>
										<condition number="0" type="jump" coverage="100 %"/>
										<condition number="1" type="jump" coverage="100 %"/>
										<condition number="2" type="jump" coverage="50 %"/>
									</conditions>
								</line>
							</lines>
						</method>
						<method name="equals" signature="(Ljava/lang/Object;)Z" line-rate="1.0" branch-rate="0.75">
							<lines>
								<line number="46" hits="2" branch="true" condition-coverage="75 % (3/4)">
									<conditions>
										<condition number="0" type="jump" coverage="50 %"/>
										<condition number="1" type="jump" coverage="100 %"/>
									</conditions>
								</line>
								<line number="48" hits="1" branch="false"/>
								<line number="49" hits="1" branch="false"/>
								<line number="51" hits="1" branch="false"/>
							</lines>
						</method>
						<method name="getOrigine" signature="()Ljava/lang/String;" line-rate="1.0" branch-rate="1.0">
							<lines>
								<line number="36" hits="2" branch="false"/>
							</lines>
						</method>
						<method name="getPrix" signature="()D" line-rate="1.0" branch-rate="1.0">
							<lines>
								<line number="28" hits="1" branch="false"/>
							</lines>
						</method>
						<method name="setOrigine" signature="(Ljava/lang/String;)V" line-rate="1.0" branch-rate="1.0">
							<lines>
								<line number="40" hits="1" branch="false"/>
								<line number="41" hits="1" branch="false"/>
							</lines>
						</method>
						<method name="setPrix" signature="(D)V" line-rate="1.0" branch-rate="1.0">
							<lines>
								<line number="32" hits="1" branch="false"/>
								<line number="33" hits="1" branch="false"/>
							</lines>
						</method>
						<method name="toString" signature="()Ljava/lang/String;" line-rate="1.0" branch-rate="0.75">
							<lines>
								<line number="62" hits="6" branch="true" condition-coverage="75 % (3/4)">
									<conditions>
										<condition number="0" type="jump" coverage="50 %"/>
										<condition number="1" type="jump" coverage="100 %"/>
									</conditions>
								</line>
								<line number="63" hits="5" branch="false"/>
							</lines>
						</method>
					</methods>
					<lines>
						<line number="17" hits="10" branch="false"/>
						<line number="18" hits="10" branch="false"/>
						<line number="19" hits="10" branch="false"/>
						<line number="20" hits="10" branch="false"/>
						<line number="22" hits="8" branch="false"/>
						<line number="23" hits="8" branch="false"/>
						<line number="24" hits="8" branch="false"/>
						<line number="25" hits="8" branch="false"/>
						<line number="28" hits="1" branch="false"/>
						<line number="32" hits="1" branch="false"/>
						<line number="33" hits="1" branch="false"/>
						<line number="36" hits="2" branch="false"/>
						<line number="40" hits="1" branch="false"/>
						<line number="41" hits="1" branch="false"/>
						<line number="46" hits="2" branch="true" condition-coverage="75 % (3/4)">
							<conditions>
								<condition number="0" type="jump" coverage="50 %"/>
								<condition number="1" type="jump" coverage="100 %"/>
							</conditions>
						</line>
						<line number="48" hits="1" branch="false"/>
						<line number="49" hits="1" branch="false"/>
						<line number="51" hits="1" branch="false"/>
						<line number="56" hits="3" branch="true" condition-coverage="83 % (5/6)">
							<conditions>
								<condition number="0" type="jump" coverage="100 %"/>
								<condition number="1" type="jump" coverage="100 %"/>
								<condition number="2" type="jump" coverage="50 %"/>
							</conditions>
						</line>
						<line number="62" hits="6" branch="true" condition-coverage="75 % (3/4)">
							<conditions>
								<condition number="0" type="jump" coverage="50 %"/>
								<condition number="1" type="jump" coverage="100 %"/>
							</conditions>
						</line>
						<line number="63" hits="5" branch="false"/>
					</lines>
				</class>
				<class name="fr.ufrsciencestech.panier.Panier" filename="fr/ufrsciencestech/panier/Panier.java" line-rate="1.0" branch-rate="0.8333333333333334" complexity="1.9">
					<methods>
						<method name="&lt;init&gt;" signature="()V" line-rate="1.0" branch-rate="1.0">
							<lines>
								<line number="22" hits="8" branch="false"/>
								<line number="23" hits="8" branch="false"/>
								<line number="24" hits="8" branch="false"/>
								<line number="25" hits="8" branch="false"/>
							</lines>
						</method>
						<method name="&lt;init&gt;" signature="(I)V" line-rate="1.0" branch-rate="1.0">
							<lines>
								<line number="19" hits="17" branch="false"/>
								<line number="28" hits="9" branch="false"/>
								<line number="29" hits="9" branch="false"/>
								<line number="30" hits="9" branch="false"/>
								<line number="31" hits="9" branch="false"/>
							</lines>
						</method>
						<method name="add" signature="(Lfr/ufrsciencestech/panier/Orange;)V" line-rate="1.0" branch-rate="1.0">
							<lines>
								<line number="35" hits="8" branch="true" condition-coverage="100 % (2/2)">
									<conditions>
										<condition number="0" type="jump" coverage="100 %"/>
									</conditions>
								</line>
								<line number="37" hits="6" branch="true" condition-coverage="100 % (2/2)">
									<conditions>
										<condition number="0" type="jump" coverage="100 %"/>
									</conditions>
								</line>
								<line number="39" hits="5" branch="false"/>
								<line number="43" hits="1" branch="false"/>
								<line number="48" hits="2" branch="false"/>
								<line number="50" hits="8" branch="false"/>
							</lines>
						</method>
						<method name="boycottOrigine" signature="(Ljava/lang/String;)V" line-rate="1.0" branch-rate="0.75">
							<lines>
								<line number="81" hits="3" branch="true" condition-coverage="100 % (2/2)">
									<conditions>
										<condition number="0" type="jump" coverage="100 %"/>
									</conditions>
								</line>
								<line number="83" hits="1" branch="true" condition-coverage="50 % (1/2)">
									<conditions>
										<condition number="0" type="jump" coverage="50 %"/>
									</conditions>
								</line>
								<line number="85" hits="1" branch="false"/>
								<line number="88" hits="2" branch="false"/>
							</lines>
						</method>
						<method name="get" signature="(I)Lfr/ufrsciencestech/panier/Orange;" line-rate="1.0" branch-rate="0.5">
							<lines>
								<line number="71" hits="1" branch="true" condition-coverage="50 % (2/4)">
									<conditions>
										<condition number="0" type="jump" coverage="50 %"/>
										<condition number="1" type="jump" coverage="50 %"/>
									</conditions>
								</line>
							</lines>
						</method>
						<method name="getException" signature="()Ljava/lang/String;" line-rate="1.0" branch-rate="1.0">
							<lines>
								<line number="92" hits="4" branch="false"/>
								<line number="93" hits="4" branch="false"/>
								<line number="94" hits="4" branch="false"/>
							</lines>
						</method>
						<method name="getMax" signature="()I" line-rate="1.0" branch-rate="1.0">
							<lines>
								<line number="76" hits="4" branch="false"/>
							</lines>
						</method>
						<method name="remove" signature="()V" line-rate="1.0" branch-rate="1.0">
							<lines>
								<line number="54" hits="2" branch="true" condition-coverage="100 % (2/2)">
									<conditions>
										<condition number="0" type="jump" coverage="100 %"/>
									</conditions>
								</line>
								<line number="56" hits="1" branch="false"/>
								<line number="60" hits="1" branch="false"/>
								<line number="62" hits="2" branch="false"/>
							</lines>
						</method>
						<method name="size" signature="()I" line-rate="1.0" branch-rate="1.0">
							<lines>
								<line number="66" hits="10" branch="false"/>
							</lines>
						</method>
						<method name="toString" signature="()Ljava/lang/String;" line-rate="1.0" branch-rate="1.0">
							<lines>
								<line number="100" hits="3" branch="false"/>
								<line number="101" hits="3" branch="true" condition-coverage="100 % (2/2)">
									<conditions>
										<condition number="0" type="jump" coverage="100 %"/>
									</conditions>
								</line>
								<line number="102" hits="5" branch="true" condition-coverage="100 % (2/2)">
									<conditions>
										<condition number="0" type="jump" coverage="100 %"/>
									</conditions>
								</line>
								<line number="104" hits="2" branch="false"/>
								<line number="107" hits="3" branch="false"/>
							</lines>
						</method>
					</methods>
					<lines>
						<line number="19" hits="17" branch="false"/>
						<line number="22" hits="8" branch="false"/>
						<line number="23" hits="8" branch="false"/>
						<line number="24" hits="8" branch="false"/>
						<line number="25" hits="8" branch="false"/>
						<line number="28" hits="9" branch="false"/>
						<line number="29" hits="9" branch="false"/>
						<line number="30" hits="9" branch="false"/>
						<line number="31" hits="9" branch="false"/>
						<line number="35" hits="8" branch="true" condition-coverage="100 % (2/2)">
							<conditions>
								<condition number="0" type="jump" coverage="100 %"/>
							</conditions>
						</line>
						<line number="37" hits="6" branch="true" condition-coverage="100 % (2/2)">
							<conditions>
								<condition number="0" type="jump" coverage="100 %"/>
							</conditions>
						</line>
						<line number="39" hits="5" branch="false"/>
						<line number="43" hits="1" branch="false"/>
						<line number="48" hits="2" branch="false"/>
						<line number="50" hits="8" branch="false"/>
						<line number="54" hits="2" branch="true" condition-coverage="100 % (2/2)">
							<conditions>
								<condition number="0" type="jump" coverage="100 %"/>
							</conditions>
						</line>
						<line number="56" hits="1" branch="false"/>
						<line number="60" hits="1" branch="false"/>
						<line number="62" hits="2" branch="false"/>
						<line number="66" hits="10" branch="false"/>
						<line number="71" hits="1" branch="true" condition-coverage="50 % (2/4)">
							<conditions>
								<condition number="0" type="jump" coverage="50 %"/>
								<condition number="1" type="jump" coverage="50 %"/>
							</conditions>
						</line>
						<line number="76" hits="4" branch="false"/>
						<line number="81" hits="3" branch="true" condition-coverage="100 % (2/2)">
							<conditions>
								<condition number="0" type="jump" coverage="100 %"/>
							</conditions>
						</line>
						<line number="83" hits="1" branch="true" condition-coverage="50 % (1/2)">
							<conditions>
								<condition number="0" type="jump" coverage="50 %"/>
							</conditions>
						</line>
						<line number="85" hits="1" branch="false"/>
						<line number="88" hits="2" branch="false"/>
						<line number="92" hits="4" branch="false"/>
						<line number="93" hits="4" branch="false"/>
						<line number="94" hits="4" branch="false"/>
						<line number="100" hits="3" branch="false"/>
						<line number="101" hits="3" branch="true" condition-coverage="100 % (2/2)">
							<conditions>
								<condition number="0" type="jump" coverage="100 %"/>
							</conditions>
						</line>
						<line number="102" hits="5" branch="true" condition-coverage="100 % (2/2)">
							<conditions>
								<condition number="0" type="jump" coverage="100 %"/>
							</conditions>
						</line>
						<line number="104" hits="2" branch="false"/>
						<line number="107" hits="3" branch="false"/>
					</lines>
				</class>
				<class name="fr.ufrsciencestech.panier.Visu" filename="fr/ufrsciencestech/panier/Visu.java" line-rate="0.7444444444444445" branch-rate="0.75" complexity="1.4444444444444444">
					<methods>
						<method name="&lt;init&gt;" signature="()V" line-rate="1.0" branch-rate="1.0">
							<lines>
								<line number="20" hits="3" branch="false"/>
								<line number="21" hits="3" branch="false"/>
								<line number="22" hits="2" branch="false"/>
								<line number="23" hits="2" branch="false"/>
								<line number="24" hits="2" branch="false"/>
								<line number="25" hits="2" branch="false"/>
							</lines>
						</method>
						<method name="access$000" signature="(Lfr/ufrsciencestech/panier/Visu;Ljava/awt/event/ActionEvent;)V" line-rate="1.0" branch-rate="1.0">
							<lines>
							</lines>
						</method>
						<method name="access$100" signature="(Lfr/ufrsciencestech/panier/Visu;Ljava/awt/event/ActionEvent;)V" line-rate="1.0" branch-rate="1.0">
							<lines>
							</lines>
						</method>
						<method name="access$200" signature="(Lfr/ufrsciencestech/panier/Visu;Ljava/awt/event/ActionEvent;)V" line-rate="0.0" branch-rate="1.0">
							<lines>
								<line number="14" hits="0" branch="false"/>
							</lines>
						</method>
						<method name="afficher" signature="()V" line-rate="1.0" branch-rate="1.0">
							<lines>
								<line number="44" hits="3" branch="false"/>
								<line number="45" hits="3" branch="false"/>
								<line number="46" hits="3" branch="false"/>
							</lines>
						</method>
						<method name="getExport" signature="()[Ljava/lang/String;" line-rate="0.0" branch-rate="1.0">
							<lines>
								<line number="65" hits="0" branch="false"/>
							</lines>
						</method>
						<method name="getJcombo" signature="()Ljavax/swing/JComboBox;" line-rate="0.0" branch-rate="1.0">
							<lines>
								<line number="73" hits="0" branch="false"/>
							</lines>
						</method>
						<method name="init" signature="()V" line-rate="1.0" branch-rate="1.0">
							<lines>
								<line number="29" hits="3" branch="false"/>
								<line number="30" hits="3" branch="false"/>
								<line number="31" hits="3" branch="false"/>
								<line number="32" hits="15" branch="true" condition-coverage="100 % (2/2)">
									<conditions>
										<condition number="0" type="jump" coverage="100 %"/>
									</conditions>
								</line>
								<line number="34" hits="12" branch="false"/>
								<line number="36" hits="3" branch="false"/>
								<line number="37" hits="3" branch="false"/>
							</lines>
						</method>
						<method name="initComponents" signature="()V" line-rate="1.0" branch-rate="1.0">
							<lines>
								<line number="89" hits="3" branch="false"/>
								<line number="90" hits="3" branch="false"/>
								<line number="91" hits="3" branch="false"/>
								<line number="92" hits="3" branch="false"/>
								<line number="93" hits="3" branch="false"/>
								<line number="94" hits="3" branch="false"/>
								<line number="95" hits="3" branch="false"/>
								<line number="96" hits="3" branch="false"/>
								<line number="97" hits="2" branch="false"/>
								<line number="99" hits="2" branch="false"/>
								<line number="101" hits="2" branch="false"/>
								<line number="103" hits="2" branch="false"/>
								<line number="104" hits="2" branch="false"/>
								<line number="106" hits="2" branch="false"/>
								<line number="107" hits="2" branch="false"/>
								<line number="112" hits="2" branch="false"/>
								<line number="114" hits="2" branch="false"/>
								<line number="115" hits="2" branch="false"/>
								<line number="120" hits="2" branch="false"/>
								<line number="122" hits="2" branch="false"/>
								<line number="124" hits="2" branch="false"/>
								<line number="125" hits="2" branch="false"/>
								<line number="127" hits="2" branch="false"/>
								<line number="128" hits="2" branch="false"/>
								<line number="133" hits="2" branch="false"/>
								<line number="135" hits="2" branch="false"/>
								<line number="137" hits="2" branch="false"/>
								<line number="139" hits="2" branch="false"/>
								<line number="141" hits="2" branch="false"/>
								<line number="142" hits="2" branch="false"/>
								<line number="143" hits="2" branch="false"/>
								<line number="145" hits="2" branch="false"/>
								<line number="147" hits="2" branch="false"/>
								<line number="149" hits="2" branch="false"/>
								<line number="150" hits="2" branch="false"/>
							</lines>
						</method>
						<method name="jButton1ActionPerformed" signature="(Ljava/awt/event/ActionEvent;)V" line-rate="0.0" branch-rate="1.0">
							<lines>
								<line number="153" hits="0" branch="false"/>
								<line number="154" hits="0" branch="false"/>
								<line number="155" hits="0" branch="false"/>
							</lines>
						</method>
						<method name="jButton2ActionPerformed" signature="(Ljava/awt/event/ActionEvent;)V" line-rate="0.0" branch-rate="1.0">
							<lines>
								<line number="158" hits="0" branch="false"/>
								<line number="159" hits="0" branch="false"/>
								<line number="160" hits="0" branch="false"/>
							</lines>
						</method>
						<method name="jButton3ActionPerformed" signature="(Ljava/awt/event/ActionEvent;)V" line-rate="0.0" branch-rate="1.0">
							<lines>
								<line number="163" hits="0" branch="false"/>
								<line number="164" hits="0" branch="false"/>
								<line number="165" hits="0" branch="false"/>
							</lines>
						</method>
						<method name="main" signature="([Ljava/lang/String;)V" line-rate="0.4666666666666667" branch-rate="0.75">
							<lines>
								<line number="177" hits="2" branch="true" condition-coverage="50 % (1/2)">
									<conditions>
										<condition number="0" type="jump" coverage="50 %"/>
									</conditions>
								</line>
								<line number="178" hits="2" branch="true" condition-coverage="100 % (2/2)">
									<conditions>
										<condition number="0" type="jump" coverage="100 %"/>
									</conditions>
								</line>
								<line number="179" hits="1" branch="false"/>
								<line number="180" hits="1" branch="false"/>
								<line number="183" hits="0" branch="false"/>
								<line number="184" hits="0" branch="false"/>
								<line number="185" hits="0" branch="false"/>
								<line number="186" hits="0" branch="false"/>
								<line number="187" hits="0" branch="false"/>
								<line number="188" hits="0" branch="false"/>
								<line number="189" hits="0" branch="false"/>
								<line number="190" hits="0" branch="false"/>
								<line number="191" hits="1" branch="false"/>
								<line number="195" hits="1" branch="false"/>
								<line number="201" hits="1" branch="false"/>
							</lines>
						</method>
						<method name="setArea" signature="()V" line-rate="0.8333333333333334" branch-rate="0.5">
							<lines>
								<line number="55" hits="3" branch="false"/>
								<line number="56" hits="3" branch="true" condition-coverage="50 % (1/2)">
									<conditions>
										<condition number="0" type="jump" coverage="50 %"/>
									</conditions>
								</line>
								<line number="58" hits="0" branch="false"/>
								<line number="60" hits="3" branch="false"/>
								<line number="61" hits="3" branch="false"/>
								<line number="62" hits="3" branch="false"/>
							</lines>
						</method>
						<method name="setExport" signature="([Ljava/lang/String;)V" line-rate="1.0" branch-rate="1.0">
							<lines>
								<line number="69" hits="3" branch="false"/>
								<line number="70" hits="3" branch="false"/>
							</lines>
						</method>
						<method name="setJcombo" signature="(Ljavax/swing/JComboBox;)V" line-rate="0.0" branch-rate="1.0">
							<lines>
								<line number="77" hits="0" branch="false"/>
								<line number="78" hits="0" branch="false"/>
							</lines>
						</method>
						<method name="setTitle" signature="()V" line-rate="1.0" branch-rate="1.0">
							<lines>
								<line number="50" hits="3" branch="false"/>
								<line number="51" hits="3" branch="false"/>
							</lines>
						</method>
					</methods>
					<lines>
						<line number="14" hits="0" branch="false"/>
						<line number="20" hits="3" branch="false"/>
						<line number="21" hits="3" branch="false"/>
						<line number="22" hits="2" branch="false"/>
						<line number="23" hits="2" branch="false"/>
						<line number="24" hits="2" branch="false"/>
						<line number="25" hits="2" branch="false"/>
						<line number="29" hits="3" branch="false"/>
						<line number="30" hits="3" branch="false"/>
						<line number="31" hits="3" branch="false"/>
						<line number="32" hits="15" branch="true" condition-coverage="100 % (2/2)">
							<conditions>
								<condition number="0" type="jump" coverage="100 %"/>
							</conditions>
						</line>
						<line number="34" hits="12" branch="false"/>
						<line number="36" hits="3" branch="false"/>
						<line number="37" hits="3" branch="false"/>
						<line number="44" hits="3" branch="false"/>
						<line number="45" hits="3" branch="false"/>
						<line number="46" hits="3" branch="false"/>
						<line number="50" hits="3" branch="false"/>
						<line number="51" hits="3" branch="false"/>
						<line number="55" hits="3" branch="false"/>
						<line number="56" hits="3" branch="true" condition-coverage="50 % (1/2)">
							<conditions>
								<condition number="0" type="jump" coverage="50 %"/>
							</conditions>
						</line>
						<line number="58" hits="0" branch="false"/>
						<line number="60" hits="3" branch="false"/>
						<line number="61" hits="3" branch="false"/>
						<line number="62" hits="3" branch="false"/>
						<line number="65" hits="0" branch="false"/>
						<line number="69" hits="3" branch="false"/>
						<line number="70" hits="3" branch="false"/>
						<line number="73" hits="0" branch="false"/>
						<line number="77" hits="0" branch="false"/>
						<line number="78" hits="0" branch="false"/>
						<line number="89" hits="3" branch="false"/>
						<line number="90" hits="3" branch="false"/>
						<line number="91" hits="3" branch="false"/>
						<line number="92" hits="3" branch="false"/>
						<line number="93" hits="3" branch="false"/>
						<line number="94" hits="3" branch="false"/>
						<line number="95" hits="3" branch="false"/>
						<line number="96" hits="3" branch="false"/>
						<line number="97" hits="2" branch="false"/>
						<line number="99" hits="2" branch="false"/>
						<line number="101" hits="2" branch="false"/>
						<line number="103" hits="2" branch="false"/>
						<line number="104" hits="2" branch="false"/>
						<line number="106" hits="2" branch="false"/>
						<line number="107" hits="2" branch="false"/>
						<line number="112" hits="2" branch="false"/>
						<line number="114" hits="2" branch="false"/>
						<line number="115" hits="2" branch="false"/>
						<line number="120" hits="2" branch="false"/>
						<line number="122" hits="2" branch="false"/>
						<line number="124" hits="2" branch="false"/>
						<line number="125" hits="2" branch="false"/>
						<line number="127" hits="2" branch="false"/>
						<line number="128" hits="2" branch="false"/>
						<line number="133" hits="2" branch="false"/>
						<line number="135" hits="2" branch="false"/>
						<line number="137" hits="2" branch="false"/>
						<line number="139" hits="2" branch="false"/>
						<line number="141" hits="2" branch="false"/>
						<line number="142" hits="2" branch="false"/>
						<line number="143" hits="2" branch="false"/>
						<line number="145" hits="2" branch="false"/>
						<line number="147" hits="2" branch="false"/>
						<line number="149" hits="2" branch="false"/>
						<line number="150" hits="2" branch="false"/>
						<line number="153" hits="0" branch="false"/>
						<line number="154" hits="0" branch="false"/>
						<line number="155" hits="0" branch="false"/>
						<line number="158" hits="0" branch="false"/>
						<line number="159" hits="0" branch="false"/>
						<line number="160" hits="0" branch="false"/>
						<line number="163" hits="0" branch="false"/>
						<line number="164" hits="0" branch="false"/>
						<line number="165" hits="0" branch="false"/>
						<line number="177" hits="2" branch="true" condition-coverage="50 % (1/2)">
							<conditions>
								<condition number="0" type="jump" coverage="50 %"/>
							</conditions>
						</line>
						<line number="178" hits="2" branch="true" condition-coverage="100 % (2/2)">
							<conditions>
								<condition number="0" type="jump" coverage="100 %"/>
							</conditions>
						</line>
						<line number="179" hits="1" branch="false"/>
						<line number="180" hits="1" branch="false"/>
						<line number="183" hits="0" branch="false"/>
						<line number="184" hits="0" branch="false"/>
						<line number="185" hits="0" branch="false"/>
						<line number="186" hits="0" branch="false"/>
						<line number="187" hits="0" branch="false"/>
						<line number="188" hits="0" branch="false"/>
						<line number="189" hits="0" branch="false"/>
						<line number="190" hits="0" branch="false"/>
						<line number="191" hits="1" branch="false"/>
						<line number="195" hits="1" branch="false"/>
						<line number="201" hits="1" branch="false"/>
					</lines>
				</class>
				<class name="fr.ufrsciencestech.panier.Visu$1" filename="fr/ufrsciencestech/panier/Visu.java" line-rate="0.3333333333333333" branch-rate="1.0" complexity="1.4444444444444444">
					<methods>
						<method name="&lt;init&gt;" signature="(Lfr/ufrsciencestech/panier/Visu;)V" line-rate="1.0" branch-rate="1.0">
							<lines>
								<line number="107" hits="2" branch="false"/>
							</lines>
						</method>
						<method name="actionPerformed" signature="(Ljava/awt/event/ActionEvent;)V" line-rate="0.0" branch-rate="1.0">
							<lines>
								<line number="109" hits="0" branch="false"/>
								<line number="110" hits="0" branch="false"/>
							</lines>
						</method>
					</methods>
					<lines>
						<line number="107" hits="2" branch="false"/>
						<line number="109" hits="0" branch="false"/>
						<line number="110" hits="0" branch="false"/>
					</lines>
				</class>
				<class name="fr.ufrsciencestech.panier.Visu$2" filename="fr/ufrsciencestech/panier/Visu.java" line-rate="0.3333333333333333" branch-rate="1.0" complexity="1.4444444444444444">
					<methods>
						<method name="&lt;init&gt;" signature="(Lfr/ufrsciencestech/panier/Visu;)V" line-rate="1.0" branch-rate="1.0">
							<lines>
								<line number="115" hits="2" branch="false"/>
							</lines>
						</method>
						<method name="actionPerformed" signature="(Ljava/awt/event/ActionEvent;)V" line-rate="0.0" branch-rate="1.0">
							<lines>
								<line number="117" hits="0" branch="false"/>
								<line number="118" hits="0" branch="false"/>
							</lines>
						</method>
					</methods>
					<lines>
						<line number="115" hits="2" branch="false"/>
						<line number="117" hits="0" branch="false"/>
						<line number="118" hits="0" branch="false"/>
					</lines>
				</class>
				<class name="fr.ufrsciencestech.panier.Visu$3" filename="fr/ufrsciencestech/panier/Visu.java" line-rate="0.3333333333333333" branch-rate="1.0" complexity="1.4444444444444444">
					<methods>
						<method name="&lt;init&gt;" signature="(Lfr/ufrsciencestech/panier/Visu;)V" line-rate="1.0" branch-rate="1.0">
							<lines>
								<line number="128" hits="2" branch="false"/>
							</lines>
						</method>
						<method name="actionPerformed" signature="(Ljava/awt/event/ActionEvent;)V" line-rate="0.0" branch-rate="1.0">
							<lines>
								<line number="130" hits="0" branch="false"/>
								<line number="131" hits="0" branch="false"/>
							</lines>
						</method>
					</methods>
					<lines>
						<line number="128" hits="2" branch="false"/>
						<line number="130" hits="0" branch="false"/>
						<line number="131" hits="0" branch="false"/>
					</lines>
				</class>
				<class name="fr.ufrsciencestech.panier.Visu$4" filename="fr/ufrsciencestech/panier/Visu.java" line-rate="1.0" branch-rate="1.0" complexity="1.4444444444444444">
					<methods>
						<method name="&lt;init&gt;" signature="()V" line-rate="1.0" branch-rate="1.0">
							<lines>
								<line number="197" hits="1" branch="false"/>
							</lines>
						</method>
						<method name="run" signature="()V" line-rate="1.0" branch-rate="1.0">
							<lines>
								<line number="198" hits="1" branch="false"/>
							</lines>
						</method>
					</methods>
					<lines>
						<line number="197" hits="1" branch="false"/>
						<line number="198" hits="1" branch="false"/>
					</lines>
				</class>
			</classes>
		</package>
	</packages>
</coverage>
